<?xml version="1.0" encoding="UTF-8"?>
<testng-results skipped="0" failed="0" ignored="0" total="1" passed="1">
  <reporter-output>
  </reporter-output>
  <suite name="Suite" duration-ms="71" started-at="2019-07-20T15:29:02Z" finished-at="2019-07-20T15:29:02Z">
    <groups>
    </groups>
    <test name="Test" duration-ms="71" started-at="2019-07-20T15:29:02Z" finished-at="2019-07-20T15:29:02Z">
      <class name="org.tyss.Demo">
        <test-method status="PASS" signature="DemoJ()[pri:0, instance:org.tyss.Demo@2be94b0f]" name="DemoJ" duration-ms="15" started-at="2019-07-20T15:29:02Z" finished-at="2019-07-20T15:29:02Z">
          <reporter-output>
          </reporter-output>
        </test-method> <!-- DemoJ -->
      </class> <!-- org.tyss.Demo -->
    </test> <!-- Test -->
  </suite> <!-- Suite -->
</testng-results>
